[2020-03-13T16:01:06.093] [DEBUG] cheese - login => username:zs,password:123456
[2020-03-13T16:01:06.095] [DEBUG] cheese - zs
[2020-03-13T16:01:06.107] [DEBUG] cheese - null
[2020-03-13T16:01:06.108] [DEBUG] cheese - null
[2020-03-13T16:01:24.828] [DEBUG] cheese - login => username:admin,password:123456
[2020-03-13T16:01:24.828] [DEBUG] cheese - admin
[2020-03-13T16:01:24.837] [DEBUG] cheese - null
[2020-03-13T16:01:24.837] [DEBUG] cheese - null
[2020-03-13T16:03:47.146] [DEBUG] cheese - login => username:admin,password:123456
[2020-03-13T16:03:47.146] [DEBUG] cheese - admin
[2020-03-13T16:03:47.152] [DEBUG] cheese - null
[2020-03-13T16:03:47.152] [DEBUG] cheese - null
[2020-03-13T16:05:12.659] [DEBUG] cheese - login => username:admin,password:123456
[2020-03-13T16:05:12.659] [DEBUG] cheese - admin
[2020-03-13T16:05:12.663] [DEBUG] cheese - null
[2020-03-13T16:05:12.663] [DEBUG] cheese - null
[2020-03-13T16:23:55.784] [DEBUG] cheese - login => username:admin,password:123456
[2020-03-13T16:23:55.787] [DEBUG] cheese - admin
[2020-03-13T16:23:55.801] [DEBUG] cheese - null
[2020-03-13T16:23:55.802] [DEBUG] cheese - null
[2020-03-14T08:41:44.409] [DEBUG] cheese - login => username:admin,password:123456
[2020-03-14T08:41:44.412] [DEBUG] cheese - admin
[2020-03-14T08:41:44.431] [DEBUG] cheese - null
[2020-03-14T08:41:44.432] [DEBUG] cheese - null
